<?xml version="1.0" encoding="UTF-8"?>
<testsuite xmlns:xsi="http://www.w3.org/2001/XMLSchema-instance" xsi:noNamespaceSchemaLocation="https://maven.apache.org/surefire/maven-surefire-plugin/xsd/surefire-test-report.xsd" name="lucenex.SamplesTest" time="1.901" tests="10" errors="0" skipped="0" failures="0">
  <properties>
    <property name="java.specification.version" value="17"/>
    <property name="sun.cpu.isalist" value="amd64"/>
    <property name="sun.jnu.encoding" value="Cp1252"/>
    <property name="java.class.path" value="C:\Users\andre\Documents\Workspace_ing_dati\prova_lucene\target\test-classes;C:\Users\andre\Documents\Workspace_ing_dati\prova_lucene\target\classes;C:\Users\andre\.m2\repository\org\apache\lucene\lucene-test-framework\9.4.0\lucene-test-framework-9.4.0.jar;C:\Users\andre\.m2\repository\com\carrotsearch\randomizedtesting\randomizedtesting-runner\2.8.1\randomizedtesting-runner-2.8.1.jar;C:\Users\andre\.m2\repository\org\hamcrest\hamcrest\2.2\hamcrest-2.2.jar;C:\Users\andre\.m2\repository\org\apache\lucene\lucene-codecs\9.4.0\lucene-codecs-9.4.0.jar;C:\Users\andre\.m2\repository\org\apache\lucene\lucene-misc\9.4.0\lucene-misc-9.4.0.jar;C:\Users\andre\.m2\repository\org\apache\lucene\lucene-queryparser\9.4.0\lucene-queryparser-9.4.0.jar;C:\Users\andre\.m2\repository\org\apache\lucene\lucene-queries\9.4.0\lucene-queries-9.4.0.jar;C:\Users\andre\.m2\repository\org\apache\lucene\lucene-classification\9.4.0\lucene-classification-9.4.0.jar;C:\Users\andre\.m2\repository\org\apache\lucene\lucene-grouping\9.4.0\lucene-grouping-9.4.0.jar;C:\Users\andre\.m2\repository\org\apache\lucene\lucene-core\9.4.0\lucene-core-9.4.0.jar;C:\Users\andre\.m2\repository\org\apache\lucene\lucene-backward-codecs\9.4.0\lucene-backward-codecs-9.4.0.jar;C:\Users\andre\.m2\repository\org\apache\lucene\lucene-sandbox\9.4.0\lucene-sandbox-9.4.0.jar;C:\Users\andre\.m2\repository\org\apache\lucene\lucene-spatial-extras\9.4.0\lucene-spatial-extras-9.4.0.jar;C:\Users\andre\.m2\repository\org\locationtech\spatial4j\spatial4j\0.8\spatial4j-0.8.jar;C:\Users\andre\.m2\repository\io\sgr\s2-geometry-library-java\1.0.0\s2-geometry-library-java-1.0.0.jar;C:\Users\andre\.m2\repository\org\apache\lucene\lucene-spatial3d\9.4.0\lucene-spatial3d-9.4.0.jar;C:\Users\andre\.m2\repository\org\apache\lucene\lucene-analysis-common\9.4.0\lucene-analysis-common-9.4.0.jar;C:\Users\andre\.m2\repository\org\apache\lucene\lucene-suggest\9.4.0\lucene-suggest-9.4.0.jar;C:\Users\andre\.m2\repository\junit\junit\4.13.1\junit-4.13.1.jar;C:\Users\andre\.m2\repository\org\hamcrest\hamcrest-core\1.3\hamcrest-core-1.3.jar;"/>
    <property name="java.vm.vendor" value="Eclipse Adoptium"/>
    <property name="sun.arch.data.model" value="64"/>
    <property name="user.variant" value=""/>
    <property name="java.vendor.url" value="https://adoptium.net/"/>
    <property name="os.name" value="Windows 10"/>
    <property name="java.vm.specification.version" value="17"/>
    <property name="sun.java.launcher" value="SUN_STANDARD"/>
    <property name="user.country" value="IT"/>
    <property name="sun.boot.library.path" value="C:\Users\andre\.p2\pool\plugins\org.eclipse.justj.openjdk.hotspot.jre.full.win32.x86_64_17.0.1.v20211116-1657\jre\bin"/>
    <property name="sun.java.command" value="C:\Users\andre\AppData\Local\Temp\surefire10210407728075191289\surefirebooter7422417350568592947.jar C:\Users\andre\AppData\Local\Temp\surefire10210407728075191289 2022-10-12T23-01-52_990-jvmRun1 surefire3816781444358348858tmp surefire_015110013986382745578tmp"/>
    <property name="jdk.debug" value="release"/>
    <property name="surefire.test.class.path" value="C:\Users\andre\Documents\Workspace_ing_dati\prova_lucene\target\test-classes;C:\Users\andre\Documents\Workspace_ing_dati\prova_lucene\target\classes;C:\Users\andre\.m2\repository\org\apache\lucene\lucene-test-framework\9.4.0\lucene-test-framework-9.4.0.jar;C:\Users\andre\.m2\repository\com\carrotsearch\randomizedtesting\randomizedtesting-runner\2.8.1\randomizedtesting-runner-2.8.1.jar;C:\Users\andre\.m2\repository\org\hamcrest\hamcrest\2.2\hamcrest-2.2.jar;C:\Users\andre\.m2\repository\org\apache\lucene\lucene-codecs\9.4.0\lucene-codecs-9.4.0.jar;C:\Users\andre\.m2\repository\org\apache\lucene\lucene-misc\9.4.0\lucene-misc-9.4.0.jar;C:\Users\andre\.m2\repository\org\apache\lucene\lucene-queryparser\9.4.0\lucene-queryparser-9.4.0.jar;C:\Users\andre\.m2\repository\org\apache\lucene\lucene-queries\9.4.0\lucene-queries-9.4.0.jar;C:\Users\andre\.m2\repository\org\apache\lucene\lucene-classification\9.4.0\lucene-classification-9.4.0.jar;C:\Users\andre\.m2\repository\org\apache\lucene\lucene-grouping\9.4.0\lucene-grouping-9.4.0.jar;C:\Users\andre\.m2\repository\org\apache\lucene\lucene-core\9.4.0\lucene-core-9.4.0.jar;C:\Users\andre\.m2\repository\org\apache\lucene\lucene-backward-codecs\9.4.0\lucene-backward-codecs-9.4.0.jar;C:\Users\andre\.m2\repository\org\apache\lucene\lucene-sandbox\9.4.0\lucene-sandbox-9.4.0.jar;C:\Users\andre\.m2\repository\org\apache\lucene\lucene-spatial-extras\9.4.0\lucene-spatial-extras-9.4.0.jar;C:\Users\andre\.m2\repository\org\locationtech\spatial4j\spatial4j\0.8\spatial4j-0.8.jar;C:\Users\andre\.m2\repository\io\sgr\s2-geometry-library-java\1.0.0\s2-geometry-library-java-1.0.0.jar;C:\Users\andre\.m2\repository\org\apache\lucene\lucene-spatial3d\9.4.0\lucene-spatial3d-9.4.0.jar;C:\Users\andre\.m2\repository\org\apache\lucene\lucene-analysis-common\9.4.0\lucene-analysis-common-9.4.0.jar;C:\Users\andre\.m2\repository\org\apache\lucene\lucene-suggest\9.4.0\lucene-suggest-9.4.0.jar;C:\Users\andre\.m2\repository\junit\junit\4.13.1\junit-4.13.1.jar;C:\Users\andre\.m2\repository\org\hamcrest\hamcrest-core\1.3\hamcrest-core-1.3.jar;"/>
    <property name="sun.cpu.endian" value="little"/>
    <property name="user.home" value="C:\Users\andre"/>
    <property name="user.language" value="it"/>
    <property name="java.specification.vendor" value="Oracle Corporation"/>
    <property name="java.version.date" value="2021-10-19"/>
    <property name="java.home" value="C:\Users\andre\.p2\pool\plugins\org.eclipse.justj.openjdk.hotspot.jre.full.win32.x86_64_17.0.1.v20211116-1657\jre"/>
    <property name="file.separator" value="\"/>
    <property name="basedir" value="C:\Users\andre\Documents\Workspace_ing_dati\prova_lucene"/>
    <property name="java.vm.compressedOopsMode" value="Zero based"/>
    <property name="line.separator" value="&#10;"/>
    <property name="java.vm.specification.vendor" value="Oracle Corporation"/>
    <property name="java.specification.name" value="Java Platform API Specification"/>
    <property name="surefire.real.class.path" value="C:\Users\andre\AppData\Local\Temp\surefire10210407728075191289\surefirebooter7422417350568592947.jar"/>
    <property name="user.script" value=""/>
    <property name="sun.management.compiler" value="HotSpot 64-Bit Tiered Compilers"/>
    <property name="java.runtime.version" value="17.0.1+12"/>
    <property name="user.name" value="andre"/>
    <property name="path.separator" value=";"/>
    <property name="os.version" value="10.0"/>
    <property name="java.runtime.name" value="OpenJDK Runtime Environment"/>
    <property name="file.encoding" value="Cp1252"/>
    <property name="java.vm.name" value="OpenJDK 64-Bit Server VM"/>
    <property name="java.vendor.version" value="Temurin-17.0.1+12"/>
    <property name="localRepository" value="C:\Users\andre\.m2\repository"/>
    <property name="java.vendor.url.bug" value="https://github.com/adoptium/adoptium-support/issues"/>
    <property name="java.io.tmpdir" value="C:\Users\andre\AppData\Local\Temp\"/>
    <property name="java.version" value="17.0.1"/>
    <property name="user.dir" value="C:\Users\andre\Documents\Workspace_ing_dati\prova_lucene"/>
    <property name="os.arch" value="amd64"/>
    <property name="java.vm.specification.name" value="Java Virtual Machine Specification"/>
    <property name="sun.os.patch.level" value=""/>
    <property name="native.encoding" value="Cp1252"/>
    <property name="java.library.path" value="C:\Users\andre\.p2\pool\plugins\org.eclipse.justj.openjdk.hotspot.jre.full.win32.x86_64_17.0.1.v20211116-1657\jre\bin;C:\Windows\Sun\Java\bin;C:\Windows\system32;C:\Windows;C:/Users/andre/.p2/pool/plugins/org.eclipse.justj.openjdk.hotspot.jre.full.win32.x86_64_17.0.1.v20211116-1657/jre/bin/server;C:/Users/andre/.p2/pool/plugins/org.eclipse.justj.openjdk.hotspot.jre.full.win32.x86_64_17.0.1.v20211116-1657/jre/bin;C:\Program Files\Common Files\Oracle\Java\javapath;C:\Program Files (x86)\VMware\VMware Player\bin\;C:\Program Files\Eclipse Foundation\jdk-8.0.302.8-hotspot\bin;C:\Program Files (x86)\Common Files\Oracle\Java\javapath;C:\Windows\system32;C:\Windows;C:\Windows\System32\Wbem;C:\Windows\System32\WindowsPowerShell\v1.0\;C:\Windows\System32\OpenSSH\;C:\Program Files (x86)\Objective Caml\bin;C:\Program Files\Kathara;;C:\Program Files\Docker\Docker\resources\bin;C:\ProgramData\DockerDesktop\version-bin;C:\Program Files\dotnet\;C:\Program Files\Microsoft SQL Server\130\Tools\Binn\;C:\Program Files\Microsoft SQL Server\Client SDK\ODBC\170\Tools\Binn\;C:\Users\andre\AppData\Local\Microsoft\WindowsApps;C:\Users\andre\AppData\Local\Programs\Microsoft VS Code\bin;C:\Users\andre\.dotnet\tools;C:\Users\andre\AppData\Local\GitHubDesktop\bin;C:\Windows\system32;;."/>
    <property name="java.vm.info" value="mixed mode"/>
    <property name="java.vendor" value="Eclipse Adoptium"/>
    <property name="java.vm.version" value="17.0.1+12"/>
    <property name="sun.io.unicode.encoding" value="UnicodeLittle"/>
    <property name="java.class.version" value="61.0"/>
  </properties>
  <testcase name="testIndexingAndSearchTQOnStringField" classname="lucenex.SamplesTest" time="0.713"/>
  <testcase name="testAnalyzer" classname="lucenex.SamplesTest" time="0.013"/>
  <testcase name="testIndexingAndSearchAllWithCodec" classname="lucenex.SamplesTest" time="0.103"/>
  <testcase name="testRankingWithDifferentSimilarities" classname="lucenex.SamplesTest" time="0.283"/>
  <testcase name="testIndexingAndSearchBQ" classname="lucenex.SamplesTest" time="0.166"/>
  <testcase name="testIndexingAndSearchPQ" classname="lucenex.SamplesTest" time="0.123"/>
  <testcase name="testIndexingAndSearchQP" classname="lucenex.SamplesTest" time="0.123"/>
  <testcase name="testIndexingAndSearchTQ" classname="lucenex.SamplesTest" time="0.134"/>
  <testcase name="testIndexStatistics" classname="lucenex.SamplesTest" time="0.055"/>
  <testcase name="testIndexingAndSearchAll" classname="lucenex.SamplesTest" time="0.126"/>
</testsuite>